2021-07-22 22:22:57.227  INFO 16876 --- [restartedMain] l.k.c.community.CommunityApplication     : Starting CommunityApplication using Java 11.0.4 on WIN-20BK8L90EFQ with PID 16876 (C:\code\community\target\classes started by Administrator in C:\code\community)
2021-07-22 22:22:57.242  INFO 16876 --- [restartedMain] l.k.c.community.CommunityApplication     : No active profile set, falling back to default profiles: default
2021-07-22 22:22:57.612  INFO 16876 --- [restartedMain] .e.DevToolsPropertyDefaultsPostProcessor : Devtools property defaults active! Set 'spring.devtools.add-properties' to 'false' to disable
2021-07-22 22:22:57.613  INFO 16876 --- [restartedMain] .e.DevToolsPropertyDefaultsPostProcessor : For additional web related logging consider setting the 'logging.level.web' property to 'DEBUG'
2021-07-22 22:22:57.672  WARN 16876 --- [background-preinit] o.s.h.c.j.Jackson2ObjectMapperBuilder    : For Jackson Kotlin classes support please add "com.fasterxml.jackson.module:jackson-module-kotlin" to the classpath
2021-07-22 22:23:00.086  INFO 16876 --- [restartedMain] o.s.b.w.embedded.tomcat.TomcatWebServer  : Tomcat initialized with port(s): 8887 (http)
2021-07-22 22:23:00.099  INFO 16876 --- [restartedMain] o.apache.catalina.core.StandardService   : Starting service [Tomcat]
2021-07-22 22:23:00.100  INFO 16876 --- [restartedMain] org.apache.catalina.core.StandardEngine  : Starting Servlet engine: [Apache Tomcat/9.0.46]
2021-07-22 22:23:00.104  INFO 16876 --- [restartedMain] o.a.catalina.core.AprLifecycleListener   : Loaded Apache Tomcat Native library [1.2.30] using APR version [1.7.0].
2021-07-22 22:23:00.105  INFO 16876 --- [restartedMain] o.a.catalina.core.AprLifecycleListener   : APR capabilities: IPv6 [true], sendfile [true], accept filters [false], random [true].
2021-07-22 22:23:00.106  INFO 16876 --- [restartedMain] o.a.catalina.core.AprLifecycleListener   : APR/OpenSSL configuration: useAprConnector [false], useOpenSSL [true]
2021-07-22 22:23:00.127  INFO 16876 --- [restartedMain] o.a.catalina.core.AprLifecycleListener   : OpenSSL successfully initialized [OpenSSL 1.1.1k  25 Mar 2021]
2021-07-22 22:23:00.267  INFO 16876 --- [restartedMain] o.a.c.c.C.[Tomcat].[localhost].[/]       : Initializing Spring embedded WebApplicationContext
2021-07-22 22:23:00.267  INFO 16876 --- [restartedMain] w.s.c.ServletWebServerApplicationContext : Root WebApplicationContext: initialization completed in 2652 ms
2021-07-22 22:23:00.338  INFO 16876 --- [restartedMain] com.zaxxer.hikari.HikariDataSource       : HikariPool-1 - Starting...
2021-07-22 22:23:00.588  INFO 16876 --- [restartedMain] com.zaxxer.hikari.HikariDataSource       : HikariPool-1 - Start completed.
2021-07-22 22:23:00.597  INFO 16876 --- [restartedMain] o.s.b.a.h2.H2ConsoleAutoConfiguration    : H2 console available at '/h2-console'. Database available at 'jdbc:h2:~/community'
2021-07-22 22:23:01.567  INFO 16876 --- [restartedMain] o.s.b.a.w.s.WelcomePageHandlerMapping    : Adding welcome page template: index
2021-07-22 22:23:02.271  INFO 16876 --- [restartedMain] o.s.b.d.a.OptionalLiveReloadServer       : LiveReload server is running on port 35729
2021-07-22 22:23:02.325  INFO 16876 --- [restartedMain] o.s.b.w.embedded.tomcat.TomcatWebServer  : Tomcat started on port(s): 8887 (http) with context path ''
2021-07-22 22:23:02.340  INFO 16876 --- [scheduling-1] l.k.c.community.schedule.HotTagTasks     : hotTagSchedule start Thu Jul 22 22:23:02 CST 2021
2021-07-22 22:23:02.349  INFO 16876 --- [restartedMain] l.k.c.community.CommunityApplication     : Started CommunityApplication in 5.982 seconds (JVM running for 8.113)
2021-07-22 22:23:02.355  INFO 16876 --- [restartedMain] o.s.b.a.ApplicationAvailabilityBean      : Application availability state LivenessState changed to CORRECT
2021-07-22 22:23:02.361  INFO 16876 --- [restartedMain] o.s.b.a.ApplicationAvailabilityBean      : Application availability state ReadinessState changed to ACCEPTING_TRAFFIC
2021-07-22 22:23:02.464 ERROR 16876 --- [scheduling-1] o.s.s.s.TaskUtils$LoggingErrorHandler    : Unexpected error occurred in scheduled task

java.lang.NullPointerException: null
	at life.kobefengfeng.community.community.cache.HotTagCache.updateTags(HotTagCache.java:54) ~[classes/:na]
	at life.kobefengfeng.community.community.schedule.HotTagTasks.hotTagSchedule(HotTagTasks.java:66) ~[classes/:na]
	at java.base/jdk.internal.reflect.NativeMethodAccessorImpl.invoke0(Native Method) ~[na:na]
	at java.base/jdk.internal.reflect.NativeMethodAccessorImpl.invoke(NativeMethodAccessorImpl.java:62) ~[na:na]
	at java.base/jdk.internal.reflect.DelegatingMethodAccessorImpl.invoke(DelegatingMethodAccessorImpl.java:43) ~[na:na]
	at java.base/java.lang.reflect.Method.invoke(Method.java:566) ~[na:na]
	at org.springframework.scheduling.support.ScheduledMethodRunnable.run(ScheduledMethodRunnable.java:84) ~[spring-context-5.3.7.jar:5.3.7]
	at org.springframework.scheduling.support.DelegatingErrorHandlingRunnable.run(DelegatingErrorHandlingRunnable.java:54) ~[spring-context-5.3.7.jar:5.3.7]
	at java.base/java.util.concurrent.Executors$RunnableAdapter.call(Executors.java:515) ~[na:na]
	at java.base/java.util.concurrent.FutureTask.runAndReset(FutureTask.java:305) ~[na:na]
	at java.base/java.util.concurrent.ScheduledThreadPoolExecutor$ScheduledFutureTask.run(ScheduledThreadPoolExecutor.java:305) ~[na:na]
	at java.base/java.util.concurrent.ThreadPoolExecutor.runWorker(ThreadPoolExecutor.java:1128) ~[na:na]
	at java.base/java.util.concurrent.ThreadPoolExecutor$Worker.run(ThreadPoolExecutor.java:628) ~[na:na]
	at java.base/java.lang.Thread.run(Thread.java:834) ~[na:na]

2021-07-22 22:23:22.340  INFO 16876 --- [scheduling-1] l.k.c.community.schedule.HotTagTasks     : hotTagSchedule start Thu Jul 22 22:23:22 CST 2021
2021-07-22 22:23:22.353 ERROR 16876 --- [scheduling-1] o.s.s.s.TaskUtils$LoggingErrorHandler    : Unexpected error occurred in scheduled task

java.lang.NullPointerException: null
	at life.kobefengfeng.community.community.cache.HotTagCache.updateTags(HotTagCache.java:54) ~[classes/:na]
	at life.kobefengfeng.community.community.schedule.HotTagTasks.hotTagSchedule(HotTagTasks.java:66) ~[classes/:na]
	at java.base/jdk.internal.reflect.NativeMethodAccessorImpl.invoke0(Native Method) ~[na:na]
	at java.base/jdk.internal.reflect.NativeMethodAccessorImpl.invoke(NativeMethodAccessorImpl.java:62) ~[na:na]
	at java.base/jdk.internal.reflect.DelegatingMethodAccessorImpl.invoke(DelegatingMethodAccessorImpl.java:43) ~[na:na]
	at java.base/java.lang.reflect.Method.invoke(Method.java:566) ~[na:na]
	at org.springframework.scheduling.support.ScheduledMethodRunnable.run(ScheduledMethodRunnable.java:84) ~[spring-context-5.3.7.jar:5.3.7]
	at org.springframework.scheduling.support.DelegatingErrorHandlingRunnable.run(DelegatingErrorHandlingRunnable.java:54) ~[spring-context-5.3.7.jar:5.3.7]
	at java.base/java.util.concurrent.Executors$RunnableAdapter.call(Executors.java:515) ~[na:na]
	at java.base/java.util.concurrent.FutureTask.runAndReset(FutureTask.java:305) ~[na:na]
	at java.base/java.util.concurrent.ScheduledThreadPoolExecutor$ScheduledFutureTask.run(ScheduledThreadPoolExecutor.java:305) ~[na:na]
	at java.base/java.util.concurrent.ThreadPoolExecutor.runWorker(ThreadPoolExecutor.java:1128) ~[na:na]
	at java.base/java.util.concurrent.ThreadPoolExecutor$Worker.run(ThreadPoolExecutor.java:628) ~[na:na]
	at java.base/java.lang.Thread.run(Thread.java:834) ~[na:na]

2021-07-22 22:23:42.344  INFO 16876 --- [scheduling-1] l.k.c.community.schedule.HotTagTasks     : hotTagSchedule start Thu Jul 22 22:23:42 CST 2021
2021-07-22 22:23:42.354 ERROR 16876 --- [scheduling-1] o.s.s.s.TaskUtils$LoggingErrorHandler    : Unexpected error occurred in scheduled task

java.lang.NullPointerException: null
	at life.kobefengfeng.community.community.cache.HotTagCache.updateTags(HotTagCache.java:54) ~[classes/:na]
	at life.kobefengfeng.community.community.schedule.HotTagTasks.hotTagSchedule(HotTagTasks.java:66) ~[classes/:na]
	at java.base/jdk.internal.reflect.NativeMethodAccessorImpl.invoke0(Native Method) ~[na:na]
	at java.base/jdk.internal.reflect.NativeMethodAccessorImpl.invoke(NativeMethodAccessorImpl.java:62) ~[na:na]
	at java.base/jdk.internal.reflect.DelegatingMethodAccessorImpl.invoke(DelegatingMethodAccessorImpl.java:43) ~[na:na]
	at java.base/java.lang.reflect.Method.invoke(Method.java:566) ~[na:na]
	at org.springframework.scheduling.support.ScheduledMethodRunnable.run(ScheduledMethodRunnable.java:84) ~[spring-context-5.3.7.jar:5.3.7]
	at org.springframework.scheduling.support.DelegatingErrorHandlingRunnable.run(DelegatingErrorHandlingRunnable.java:54) ~[spring-context-5.3.7.jar:5.3.7]
	at java.base/java.util.concurrent.Executors$RunnableAdapter.call(Executors.java:515) ~[na:na]
	at java.base/java.util.concurrent.FutureTask.runAndReset(FutureTask.java:305) ~[na:na]
	at java.base/java.util.concurrent.ScheduledThreadPoolExecutor$ScheduledFutureTask.run(ScheduledThreadPoolExecutor.java:305) ~[na:na]
	at java.base/java.util.concurrent.ThreadPoolExecutor.runWorker(ThreadPoolExecutor.java:1128) ~[na:na]
	at java.base/java.util.concurrent.ThreadPoolExecutor$Worker.run(ThreadPoolExecutor.java:628) ~[na:na]
	at java.base/java.lang.Thread.run(Thread.java:834) ~[na:na]

2021-07-22 22:23:48.472  INFO 16876 --- [Thread-7] o.s.b.a.ApplicationAvailabilityBean      : Application availability state ReadinessState changed from ACCEPTING_TRAFFIC to REFUSING_TRAFFIC
2021-07-22 22:23:49.627  INFO 16876 --- [Thread-7] com.zaxxer.hikari.HikariDataSource       : HikariPool-1 - Shutdown initiated...
2021-07-22 22:23:49.870  INFO 16876 --- [Thread-7] com.zaxxer.hikari.HikariDataSource       : HikariPool-1 - Shutdown completed.
2021-07-22 22:23:50.056  INFO 16876 --- [restartedMain] l.k.c.community.CommunityApplication     : Starting CommunityApplication using Java 11.0.4 on WIN-20BK8L90EFQ with PID 16876 (C:\code\community\target\classes started by Administrator in C:\code\community)
2021-07-22 22:23:50.056  INFO 16876 --- [restartedMain] l.k.c.community.CommunityApplication     : No active profile set, falling back to default profiles: default
2021-07-22 22:23:50.749  INFO 16876 --- [restartedMain] o.s.b.w.embedded.tomcat.TomcatWebServer  : Tomcat initialized with port(s): 8887 (http)
2021-07-22 22:23:50.751  INFO 16876 --- [restartedMain] o.apache.catalina.core.StandardService   : Starting service [Tomcat]
2021-07-22 22:23:50.752  INFO 16876 --- [restartedMain] org.apache.catalina.core.StandardEngine  : Starting Servlet engine: [Apache Tomcat/9.0.46]
2021-07-22 22:23:50.753  INFO 16876 --- [restartedMain] o.a.catalina.core.AprLifecycleListener   : Loaded Apache Tomcat Native library [1.2.30] using APR version [1.7.0].
2021-07-22 22:23:50.753  INFO 16876 --- [restartedMain] o.a.catalina.core.AprLifecycleListener   : APR capabilities: IPv6 [true], sendfile [true], accept filters [false], random [true].
2021-07-22 22:23:50.754  INFO 16876 --- [restartedMain] o.a.catalina.core.AprLifecycleListener   : APR/OpenSSL configuration: useAprConnector [false], useOpenSSL [true]
2021-07-22 22:23:50.754  INFO 16876 --- [restartedMain] o.a.catalina.core.AprLifecycleListener   : OpenSSL successfully initialized [OpenSSL 1.1.1k  25 Mar 2021]
2021-07-22 22:23:50.843  INFO 16876 --- [restartedMain] o.a.c.c.C.[Tomcat].[localhost].[/]       : Initializing Spring embedded WebApplicationContext
2021-07-22 22:23:50.844  INFO 16876 --- [restartedMain] w.s.c.ServletWebServerApplicationContext : Root WebApplicationContext: initialization completed in 782 ms
2021-07-22 22:23:50.877  INFO 16876 --- [restartedMain] com.zaxxer.hikari.HikariDataSource       : HikariPool-2 - Starting...
2021-07-22 22:23:50.900  INFO 16876 --- [restartedMain] com.zaxxer.hikari.HikariDataSource       : HikariPool-2 - Start completed.
2021-07-22 22:23:50.900  INFO 16876 --- [restartedMain] o.s.b.a.h2.H2ConsoleAutoConfiguration    : H2 console available at '/h2-console'. Database available at 'jdbc:h2:~/community'
2021-07-22 22:23:51.312  INFO 16876 --- [restartedMain] o.s.b.a.w.s.WelcomePageHandlerMapping    : Adding welcome page template: index
2021-07-22 22:23:51.442  INFO 16876 --- [restartedMain] o.s.b.d.a.OptionalLiveReloadServer       : LiveReload server is running on port 35729
2021-07-22 22:23:51.469  INFO 16876 --- [restartedMain] o.s.b.w.embedded.tomcat.TomcatWebServer  : Tomcat started on port(s): 8887 (http) with context path ''
2021-07-22 22:23:51.479  INFO 16876 --- [restartedMain] l.k.c.community.CommunityApplication     : Started CommunityApplication in 1.512 seconds (JVM running for 57.241)
2021-07-22 22:23:51.481  INFO 16876 --- [restartedMain] o.s.b.a.ApplicationAvailabilityBean      : Application availability state LivenessState changed to CORRECT
2021-07-22 22:23:51.479  INFO 16876 --- [scheduling-1] l.k.c.community.schedule.HotTagTasks     : hotTagSchedule start Thu Jul 22 22:23:51 CST 2021
2021-07-22 22:23:51.485  INFO 16876 --- [restartedMain] .ConditionEvaluationDeltaLoggingListener : Condition evaluation unchanged
2021-07-22 22:23:51.485  INFO 16876 --- [restartedMain] o.s.b.a.ApplicationAvailabilityBean      : Application availability state ReadinessState changed to ACCEPTING_TRAFFIC
2021-07-22 22:23:51.500 ERROR 16876 --- [scheduling-1] o.s.s.s.TaskUtils$LoggingErrorHandler    : Unexpected error occurred in scheduled task

java.lang.NullPointerException: null
	at life.kobefengfeng.community.community.cache.HotTagCache.updateTags(HotTagCache.java:54) ~[classes/:na]
	at life.kobefengfeng.community.community.schedule.HotTagTasks.hotTagSchedule(HotTagTasks.java:66) ~[classes/:na]
	at java.base/jdk.internal.reflect.NativeMethodAccessorImpl.invoke0(Native Method) ~[na:na]
	at java.base/jdk.internal.reflect.NativeMethodAccessorImpl.invoke(NativeMethodAccessorImpl.java:62) ~[na:na]
	at java.base/jdk.internal.reflect.DelegatingMethodAccessorImpl.invoke(DelegatingMethodAccessorImpl.java:43) ~[na:na]
	at java.base/java.lang.reflect.Method.invoke(Method.java:566) ~[na:na]
	at org.springframework.scheduling.support.ScheduledMethodRunnable.run(ScheduledMethodRunnable.java:84) ~[spring-context-5.3.7.jar:5.3.7]
	at org.springframework.scheduling.support.DelegatingErrorHandlingRunnable.run(DelegatingErrorHandlingRunnable.java:54) ~[spring-context-5.3.7.jar:5.3.7]
	at java.base/java.util.concurrent.Executors$RunnableAdapter.call(Executors.java:515) ~[na:na]
	at java.base/java.util.concurrent.FutureTask.runAndReset(FutureTask.java:305) ~[na:na]
	at java.base/java.util.concurrent.ScheduledThreadPoolExecutor$ScheduledFutureTask.run(ScheduledThreadPoolExecutor.java:305) ~[na:na]
	at java.base/java.util.concurrent.ThreadPoolExecutor.runWorker(ThreadPoolExecutor.java:1128) ~[na:na]
	at java.base/java.util.concurrent.ThreadPoolExecutor$Worker.run(ThreadPoolExecutor.java:628) ~[na:na]
	at java.base/java.lang.Thread.run(Thread.java:834) ~[na:na]

2021-07-22 22:23:53.970  INFO 16876 --- [Thread-10] o.s.b.a.ApplicationAvailabilityBean      : Application availability state ReadinessState changed from ACCEPTING_TRAFFIC to REFUSING_TRAFFIC
2021-07-22 22:23:54.125  INFO 16876 --- [Thread-10] com.zaxxer.hikari.HikariDataSource       : HikariPool-2 - Shutdown initiated...
2021-07-22 22:23:54.330  INFO 16876 --- [Thread-10] com.zaxxer.hikari.HikariDataSource       : HikariPool-2 - Shutdown completed.
2021-07-22 22:23:54.472  INFO 16876 --- [restartedMain] l.k.c.community.CommunityApplication     : Starting CommunityApplication using Java 11.0.4 on WIN-20BK8L90EFQ with PID 16876 (C:\code\community\target\classes started by Administrator in C:\code\community)
2021-07-22 22:23:54.472  INFO 16876 --- [restartedMain] l.k.c.community.CommunityApplication     : No active profile set, falling back to default profiles: default
2021-07-22 22:23:55.138  INFO 16876 --- [restartedMain] o.s.b.w.embedded.tomcat.TomcatWebServer  : Tomcat initialized with port(s): 8887 (http)
2021-07-22 22:23:55.140  INFO 16876 --- [restartedMain] o.apache.catalina.core.StandardService   : Starting service [Tomcat]
2021-07-22 22:23:55.140  INFO 16876 --- [restartedMain] org.apache.catalina.core.StandardEngine  : Starting Servlet engine: [Apache Tomcat/9.0.46]
2021-07-22 22:23:55.141  INFO 16876 --- [restartedMain] o.a.catalina.core.AprLifecycleListener   : Loaded Apache Tomcat Native library [1.2.30] using APR version [1.7.0].
2021-07-22 22:23:55.142  INFO 16876 --- [restartedMain] o.a.catalina.core.AprLifecycleListener   : APR capabilities: IPv6 [true], sendfile [true], accept filters [false], random [true].
2021-07-22 22:23:55.142  INFO 16876 --- [restartedMain] o.a.catalina.core.AprLifecycleListener   : APR/OpenSSL configuration: useAprConnector [false], useOpenSSL [true]
2021-07-22 22:23:55.143  INFO 16876 --- [restartedMain] o.a.catalina.core.AprLifecycleListener   : OpenSSL successfully initialized [OpenSSL 1.1.1k  25 Mar 2021]
2021-07-22 22:23:55.222  INFO 16876 --- [restartedMain] o.a.c.c.C.[Tomcat].[localhost].[/]       : Initializing Spring embedded WebApplicationContext
2021-07-22 22:23:55.222  INFO 16876 --- [restartedMain] w.s.c.ServletWebServerApplicationContext : Root WebApplicationContext: initialization completed in 744 ms
2021-07-22 22:23:55.253  INFO 16876 --- [restartedMain] com.zaxxer.hikari.HikariDataSource       : HikariPool-3 - Starting...
2021-07-22 22:23:55.292  INFO 16876 --- [restartedMain] com.zaxxer.hikari.HikariDataSource       : HikariPool-3 - Start completed.
2021-07-22 22:23:55.293  INFO 16876 --- [restartedMain] o.s.b.a.h2.H2ConsoleAutoConfiguration    : H2 console available at '/h2-console'. Database available at 'jdbc:h2:~/community'
2021-07-22 22:23:55.712  INFO 16876 --- [restartedMain] o.s.b.a.w.s.WelcomePageHandlerMapping    : Adding welcome page template: index
2021-07-22 22:23:55.812  INFO 16876 --- [restartedMain] o.s.b.d.a.OptionalLiveReloadServer       : LiveReload server is running on port 35729
2021-07-22 22:23:55.832  INFO 16876 --- [restartedMain] o.s.b.w.embedded.tomcat.TomcatWebServer  : Tomcat started on port(s): 8887 (http) with context path ''
2021-07-22 22:23:55.837  INFO 16876 --- [scheduling-1] l.k.c.community.schedule.HotTagTasks     : hotTagSchedule start Thu Jul 22 22:23:55 CST 2021
2021-07-22 22:23:55.838  INFO 16876 --- [restartedMain] l.k.c.community.CommunityApplication     : Started CommunityApplication in 1.438 seconds (JVM running for 61.6)
2021-07-22 22:23:55.839  INFO 16876 --- [restartedMain] o.s.b.a.ApplicationAvailabilityBean      : Application availability state LivenessState changed to CORRECT
2021-07-22 22:23:55.842  INFO 16876 --- [restartedMain] .ConditionEvaluationDeltaLoggingListener : Condition evaluation unchanged
2021-07-22 22:23:55.842  INFO 16876 --- [restartedMain] o.s.b.a.ApplicationAvailabilityBean      : Application availability state ReadinessState changed to ACCEPTING_TRAFFIC
2021-07-22 22:23:55.850 ERROR 16876 --- [scheduling-1] o.s.s.s.TaskUtils$LoggingErrorHandler    : Unexpected error occurred in scheduled task

java.lang.NullPointerException: null
	at life.kobefengfeng.community.community.cache.HotTagCache.updateTags(HotTagCache.java:54) ~[classes/:na]
	at life.kobefengfeng.community.community.schedule.HotTagTasks.hotTagSchedule(HotTagTasks.java:66) ~[classes/:na]
	at java.base/jdk.internal.reflect.NativeMethodAccessorImpl.invoke0(Native Method) ~[na:na]
	at java.base/jdk.internal.reflect.NativeMethodAccessorImpl.invoke(NativeMethodAccessorImpl.java:62) ~[na:na]
	at java.base/jdk.internal.reflect.DelegatingMethodAccessorImpl.invoke(DelegatingMethodAccessorImpl.java:43) ~[na:na]
	at java.base/java.lang.reflect.Method.invoke(Method.java:566) ~[na:na]
	at org.springframework.scheduling.support.ScheduledMethodRunnable.run(ScheduledMethodRunnable.java:84) ~[spring-context-5.3.7.jar:5.3.7]
	at org.springframework.scheduling.support.DelegatingErrorHandlingRunnable.run(DelegatingErrorHandlingRunnable.java:54) ~[spring-context-5.3.7.jar:5.3.7]
	at java.base/java.util.concurrent.Executors$RunnableAdapter.call(Executors.java:515) ~[na:na]
	at java.base/java.util.concurrent.FutureTask.runAndReset(FutureTask.java:305) ~[na:na]
	at java.base/java.util.concurrent.ScheduledThreadPoolExecutor$ScheduledFutureTask.run(ScheduledThreadPoolExecutor.java:305) ~[na:na]
	at java.base/java.util.concurrent.ThreadPoolExecutor.runWorker(ThreadPoolExecutor.java:1128) ~[na:na]
	at java.base/java.util.concurrent.ThreadPoolExecutor$Worker.run(ThreadPoolExecutor.java:628) ~[na:na]
	at java.base/java.lang.Thread.run(Thread.java:834) ~[na:na]

2021-07-22 22:24:15.838  INFO 16876 --- [scheduling-1] l.k.c.community.schedule.HotTagTasks     : hotTagSchedule start Thu Jul 22 22:24:15 CST 2021
2021-07-22 22:24:15.850 ERROR 16876 --- [scheduling-1] o.s.s.s.TaskUtils$LoggingErrorHandler    : Unexpected error occurred in scheduled task

java.lang.NullPointerException: null
	at life.kobefengfeng.community.community.cache.HotTagCache.updateTags(HotTagCache.java:54) ~[classes/:na]
	at life.kobefengfeng.community.community.schedule.HotTagTasks.hotTagSchedule(HotTagTasks.java:66) ~[classes/:na]
	at java.base/jdk.internal.reflect.NativeMethodAccessorImpl.invoke0(Native Method) ~[na:na]
	at java.base/jdk.internal.reflect.NativeMethodAccessorImpl.invoke(NativeMethodAccessorImpl.java:62) ~[na:na]
	at java.base/jdk.internal.reflect.DelegatingMethodAccessorImpl.invoke(DelegatingMethodAccessorImpl.java:43) ~[na:na]
	at java.base/java.lang.reflect.Method.invoke(Method.java:566) ~[na:na]
	at org.springframework.scheduling.support.ScheduledMethodRunnable.run(ScheduledMethodRunnable.java:84) ~[spring-context-5.3.7.jar:5.3.7]
	at org.springframework.scheduling.support.DelegatingErrorHandlingRunnable.run(DelegatingErrorHandlingRunnable.java:54) ~[spring-context-5.3.7.jar:5.3.7]
	at java.base/java.util.concurrent.Executors$RunnableAdapter.call(Executors.java:515) ~[na:na]
	at java.base/java.util.concurrent.FutureTask.runAndReset(FutureTask.java:305) ~[na:na]
	at java.base/java.util.concurrent.ScheduledThreadPoolExecutor$ScheduledFutureTask.run(ScheduledThreadPoolExecutor.java:305) ~[na:na]
	at java.base/java.util.concurrent.ThreadPoolExecutor.runWorker(ThreadPoolExecutor.java:1128) ~[na:na]
	at java.base/java.util.concurrent.ThreadPoolExecutor$Worker.run(ThreadPoolExecutor.java:628) ~[na:na]
	at java.base/java.lang.Thread.run(Thread.java:834) ~[na:na]

2021-07-22 22:24:35.847  INFO 16876 --- [scheduling-1] l.k.c.community.schedule.HotTagTasks     : hotTagSchedule start Thu Jul 22 22:24:35 CST 2021
2021-07-22 22:24:35.854 ERROR 16876 --- [scheduling-1] o.s.s.s.TaskUtils$LoggingErrorHandler    : Unexpected error occurred in scheduled task

java.lang.NullPointerException: null
	at life.kobefengfeng.community.community.cache.HotTagCache.updateTags(HotTagCache.java:54) ~[classes/:na]
	at life.kobefengfeng.community.community.schedule.HotTagTasks.hotTagSchedule(HotTagTasks.java:66) ~[classes/:na]
	at java.base/jdk.internal.reflect.NativeMethodAccessorImpl.invoke0(Native Method) ~[na:na]
	at java.base/jdk.internal.reflect.NativeMethodAccessorImpl.invoke(NativeMethodAccessorImpl.java:62) ~[na:na]
	at java.base/jdk.internal.reflect.DelegatingMethodAccessorImpl.invoke(DelegatingMethodAccessorImpl.java:43) ~[na:na]
	at java.base/java.lang.reflect.Method.invoke(Method.java:566) ~[na:na]
	at org.springframework.scheduling.support.ScheduledMethodRunnable.run(ScheduledMethodRunnable.java:84) ~[spring-context-5.3.7.jar:5.3.7]
	at org.springframework.scheduling.support.DelegatingErrorHandlingRunnable.run(DelegatingErrorHandlingRunnable.java:54) ~[spring-context-5.3.7.jar:5.3.7]
	at java.base/java.util.concurrent.Executors$RunnableAdapter.call(Executors.java:515) ~[na:na]
	at java.base/java.util.concurrent.FutureTask.runAndReset(FutureTask.java:305) ~[na:na]
	at java.base/java.util.concurrent.ScheduledThreadPoolExecutor$ScheduledFutureTask.run(ScheduledThreadPoolExecutor.java:305) ~[na:na]
	at java.base/java.util.concurrent.ThreadPoolExecutor.runWorker(ThreadPoolExecutor.java:1128) ~[na:na]
	at java.base/java.util.concurrent.ThreadPoolExecutor$Worker.run(ThreadPoolExecutor.java:628) ~[na:na]
	at java.base/java.lang.Thread.run(Thread.java:834) ~[na:na]

2021-07-22 22:24:39.753  INFO 16876 --- [Thread-15] o.s.b.a.ApplicationAvailabilityBean      : Application availability state ReadinessState changed from ACCEPTING_TRAFFIC to REFUSING_TRAFFIC
2021-07-22 22:24:39.938  INFO 16876 --- [Thread-15] com.zaxxer.hikari.HikariDataSource       : HikariPool-3 - Shutdown initiated...
2021-07-22 22:24:40.150  INFO 16876 --- [Thread-15] com.zaxxer.hikari.HikariDataSource       : HikariPool-3 - Shutdown completed.
2021-07-22 22:24:40.317  INFO 16876 --- [restartedMain] l.k.c.community.CommunityApplication     : Starting CommunityApplication using Java 11.0.4 on WIN-20BK8L90EFQ with PID 16876 (C:\code\community\target\classes started by Administrator in C:\code\community)
2021-07-22 22:24:40.317  INFO 16876 --- [restartedMain] l.k.c.community.CommunityApplication     : No active profile set, falling back to default profiles: default
2021-07-22 22:24:41.000  INFO 16876 --- [restartedMain] o.s.b.w.embedded.tomcat.TomcatWebServer  : Tomcat initialized with port(s): 8887 (http)
2021-07-22 22:24:41.001  INFO 16876 --- [restartedMain] o.apache.catalina.core.StandardService   : Starting service [Tomcat]
2021-07-22 22:24:41.002  INFO 16876 --- [restartedMain] org.apache.catalina.core.StandardEngine  : Starting Servlet engine: [Apache Tomcat/9.0.46]
2021-07-22 22:24:41.002  INFO 16876 --- [restartedMain] o.a.catalina.core.AprLifecycleListener   : Loaded Apache Tomcat Native library [1.2.30] using APR version [1.7.0].
2021-07-22 22:24:41.002  INFO 16876 --- [restartedMain] o.a.catalina.core.AprLifecycleListener   : APR capabilities: IPv6 [true], sendfile [true], accept filters [false], random [true].
2021-07-22 22:24:41.003  INFO 16876 --- [restartedMain] o.a.catalina.core.AprLifecycleListener   : APR/OpenSSL configuration: useAprConnector [false], useOpenSSL [true]
2021-07-22 22:24:41.003  INFO 16876 --- [restartedMain] o.a.catalina.core.AprLifecycleListener   : OpenSSL successfully initialized [OpenSSL 1.1.1k  25 Mar 2021]
2021-07-22 22:24:41.053  INFO 16876 --- [restartedMain] o.a.c.c.C.[Tomcat].[localhost].[/]       : Initializing Spring embedded WebApplicationContext
2021-07-22 22:24:41.054  INFO 16876 --- [restartedMain] w.s.c.ServletWebServerApplicationContext : Root WebApplicationContext: initialization completed in 731 ms
2021-07-22 22:24:41.076  INFO 16876 --- [restartedMain] com.zaxxer.hikari.HikariDataSource       : HikariPool-4 - Starting...
2021-07-22 22:24:41.096  INFO 16876 --- [restartedMain] com.zaxxer.hikari.HikariDataSource       : HikariPool-4 - Start completed.
2021-07-22 22:24:41.096  INFO 16876 --- [restartedMain] o.s.b.a.h2.H2ConsoleAutoConfiguration    : H2 console available at '/h2-console'. Database available at 'jdbc:h2:~/community'
2021-07-22 22:24:41.310  WARN 16876 --- [restartedMain] ConfigServletWebServerApplicationContext : Exception encountered during context initialization - cancelling refresh attempt: org.springframework.beans.factory.BeanCreationException: Error creating bean with name 'hotTagTasks' defined in file [C:\code\community\target\classes\life\kobefengfeng\community\community\schedule\HotTagTasks.class]: Post-processing of merged bean definition failed; nested exception is java.lang.IllegalStateException: Failed to introspect Class [life.kobefengfeng.community.community.schedule.HotTagTasks] from ClassLoader [org.springframework.boot.devtools.restart.classloader.RestartClassLoader@2069c309]
2021-07-22 22:24:41.311  INFO 16876 --- [restartedMain] com.zaxxer.hikari.HikariDataSource       : HikariPool-4 - Shutdown initiated...
2021-07-22 22:24:41.521  INFO 16876 --- [restartedMain] com.zaxxer.hikari.HikariDataSource       : HikariPool-4 - Shutdown completed.
2021-07-22 22:24:41.522  INFO 16876 --- [restartedMain] o.apache.catalina.core.StandardService   : Stopping service [Tomcat]
2021-07-22 22:24:41.529  INFO 16876 --- [restartedMain] ConditionEvaluationReportLoggingListener : 

Error starting ApplicationContext. To display the conditions report re-run your application with 'debug' enabled.
2021-07-22 22:24:41.561 ERROR 16876 --- [restartedMain] o.s.boot.SpringApplication               : Application run failed

org.springframework.beans.factory.BeanCreationException: Error creating bean with name 'hotTagTasks' defined in file [C:\code\community\target\classes\life\kobefengfeng\community\community\schedule\HotTagTasks.class]: Post-processing of merged bean definition failed; nested exception is java.lang.IllegalStateException: Failed to introspect Class [life.kobefengfeng.community.community.schedule.HotTagTasks] from ClassLoader [org.springframework.boot.devtools.restart.classloader.RestartClassLoader@2069c309]
	at org.springframework.beans.factory.support.AbstractAutowireCapableBeanFactory.doCreateBean(AbstractAutowireCapableBeanFactory.java:579) ~[spring-beans-5.3.7.jar:5.3.7]
	at org.springframework.beans.factory.support.AbstractAutowireCapableBeanFactory.createBean(AbstractAutowireCapableBeanFactory.java:524) ~[spring-beans-5.3.7.jar:5.3.7]
	at org.springframework.beans.factory.support.AbstractBeanFactory.lambda$doGetBean$0(AbstractBeanFactory.java:335) ~[spring-beans-5.3.7.jar:5.3.7]
	at org.springframework.beans.factory.support.DefaultSingletonBeanRegistry.getSingleton(DefaultSingletonBeanRegistry.java:234) ~[spring-beans-5.3.7.jar:5.3.7]
	at org.springframework.beans.factory.support.AbstractBeanFactory.doGetBean(AbstractBeanFactory.java:333) ~[spring-beans-5.3.7.jar:5.3.7]
	at org.springframework.beans.factory.support.AbstractBeanFactory.getBean(AbstractBeanFactory.java:208) ~[spring-beans-5.3.7.jar:5.3.7]
	at org.springframework.beans.factory.support.DefaultListableBeanFactory.preInstantiateSingletons(DefaultListableBeanFactory.java:944) ~[spring-beans-5.3.7.jar:5.3.7]
	at org.springframework.context.support.AbstractApplicationContext.finishBeanFactoryInitialization(AbstractApplicationContext.java:918) ~[spring-context-5.3.7.jar:5.3.7]
	at org.springframework.context.support.AbstractApplicationContext.refresh(AbstractApplicationContext.java:583) ~[spring-context-5.3.7.jar:5.3.7]
	at org.springframework.boot.web.servlet.context.ServletWebServerApplicationContext.refresh(ServletWebServerApplicationContext.java:145) ~[spring-boot-2.5.0.jar:2.5.0]
	at org.springframework.boot.SpringApplication.refresh(SpringApplication.java:758) ~[spring-boot-2.5.0.jar:2.5.0]
	at org.springframework.boot.SpringApplication.refreshContext(SpringApplication.java:438) ~[spring-boot-2.5.0.jar:2.5.0]
	at org.springframework.boot.SpringApplication.run(SpringApplication.java:337) ~[spring-boot-2.5.0.jar:2.5.0]
	at org.springframework.boot.SpringApplication.run(SpringApplication.java:1336) ~[spring-boot-2.5.0.jar:2.5.0]
	at org.springframework.boot.SpringApplication.run(SpringApplication.java:1325) ~[spring-boot-2.5.0.jar:2.5.0]
	at life.kobefengfeng.community.community.CommunityApplication.main(CommunityApplication.java:14) ~[classes/:na]
	at java.base/jdk.internal.reflect.NativeMethodAccessorImpl.invoke0(Native Method) ~[na:na]
	at java.base/jdk.internal.reflect.NativeMethodAccessorImpl.invoke(NativeMethodAccessorImpl.java:62) ~[na:na]
	at java.base/jdk.internal.reflect.DelegatingMethodAccessorImpl.invoke(DelegatingMethodAccessorImpl.java:43) ~[na:na]
	at java.base/java.lang.reflect.Method.invoke(Method.java:566) ~[na:na]
	at org.springframework.boot.devtools.restart.RestartLauncher.run(RestartLauncher.java:49) ~[spring-boot-devtools-2.5.0.jar:2.5.0]
Caused by: java.lang.IllegalStateException: Failed to introspect Class [life.kobefengfeng.community.community.schedule.HotTagTasks] from ClassLoader [org.springframework.boot.devtools.restart.classloader.RestartClassLoader@2069c309]
	at org.springframework.util.ReflectionUtils.getDeclaredFields(ReflectionUtils.java:739) ~[spring-core-5.3.7.jar:5.3.7]
	at org.springframework.util.ReflectionUtils.doWithLocalFields(ReflectionUtils.java:671) ~[spring-core-5.3.7.jar:5.3.7]
	at org.springframework.context.annotation.CommonAnnotationBeanPostProcessor.buildResourceMetadata(CommonAnnotationBeanPostProcessor.java:366) ~[spring-context-5.3.7.jar:5.3.7]
	at org.springframework.context.annotation.CommonAnnotationBeanPostProcessor.findResourceMetadata(CommonAnnotationBeanPostProcessor.java:347) ~[spring-context-5.3.7.jar:5.3.7]
	at org.springframework.context.annotation.CommonAnnotationBeanPostProcessor.postProcessMergedBeanDefinition(CommonAnnotationBeanPostProcessor.java:295) ~[spring-context-5.3.7.jar:5.3.7]
	at org.springframework.beans.factory.support.AbstractAutowireCapableBeanFactory.applyMergedBeanDefinitionPostProcessors(AbstractAutowireCapableBeanFactory.java:1098) ~[spring-beans-5.3.7.jar:5.3.7]
	at org.springframework.beans.factory.support.AbstractAutowireCapableBeanFactory.doCreateBean(AbstractAutowireCapableBeanFactory.java:576) ~[spring-beans-5.3.7.jar:5.3.7]
	... 20 common frames omitted
Caused by: java.lang.NoClassDefFoundError: Llife/kobefengfeng/community/community/cache/HotTagCache;
	at java.base/java.lang.Class.getDeclaredFields0(Native Method) ~[na:na]
	at java.base/java.lang.Class.privateGetDeclaredFields(Class.java:3061) ~[na:na]
	at java.base/java.lang.Class.getDeclaredFields(Class.java:2248) ~[na:na]
	at org.springframework.util.ReflectionUtils.getDeclaredFields(ReflectionUtils.java:734) ~[spring-core-5.3.7.jar:5.3.7]
	... 26 common frames omitted
Caused by: java.lang.ClassNotFoundException: life.kobefengfeng.community.community.cache.HotTagCache
	at java.base/jdk.internal.loader.BuiltinClassLoader.loadClass(BuiltinClassLoader.java:583) ~[na:na]
	at java.base/jdk.internal.loader.ClassLoaders$AppClassLoader.loadClass(ClassLoaders.java:178) ~[na:na]
	at java.base/java.lang.ClassLoader.loadClass(ClassLoader.java:521) ~[na:na]
	at java.base/java.lang.Class.forName0(Native Method) ~[na:na]
	at java.base/java.lang.Class.forName(Class.java:398) ~[na:na]
	at org.springframework.boot.devtools.restart.classloader.RestartClassLoader.loadClass(RestartClassLoader.java:145) ~[spring-boot-devtools-2.5.0.jar:2.5.0]
	at java.base/java.lang.ClassLoader.loadClass(ClassLoader.java:521) ~[na:na]
	... 30 common frames omitted

2021-07-22 22:25:48.632  INFO 16876 --- [restartedMain] l.k.c.community.CommunityApplication     : Starting CommunityApplication using Java 11.0.4 on WIN-20BK8L90EFQ with PID 16876 (C:\code\community\target\classes started by Administrator in C:\code\community)
2021-07-22 22:25:48.633  INFO 16876 --- [restartedMain] l.k.c.community.CommunityApplication     : No active profile set, falling back to default profiles: default
2021-07-22 22:25:49.041  INFO 16876 --- [restartedMain] o.s.b.w.embedded.tomcat.TomcatWebServer  : Tomcat initialized with port(s): 8887 (http)
2021-07-22 22:25:49.043  INFO 16876 --- [restartedMain] o.apache.catalina.core.StandardService   : Starting service [Tomcat]
2021-07-22 22:25:49.043  INFO 16876 --- [restartedMain] org.apache.catalina.core.StandardEngine  : Starting Servlet engine: [Apache Tomcat/9.0.46]
2021-07-22 22:25:49.043  INFO 16876 --- [restartedMain] o.a.catalina.core.AprLifecycleListener   : Loaded Apache Tomcat Native library [1.2.30] using APR version [1.7.0].
2021-07-22 22:25:49.044  INFO 16876 --- [restartedMain] o.a.catalina.core.AprLifecycleListener   : APR capabilities: IPv6 [true], sendfile [true], accept filters [false], random [true].
2021-07-22 22:25:49.044  INFO 16876 --- [restartedMain] o.a.catalina.core.AprLifecycleListener   : APR/OpenSSL configuration: useAprConnector [false], useOpenSSL [true]
2021-07-22 22:25:49.044  INFO 16876 --- [restartedMain] o.a.catalina.core.AprLifecycleListener   : OpenSSL successfully initialized [OpenSSL 1.1.1k  25 Mar 2021]
2021-07-22 22:25:49.079  INFO 16876 --- [restartedMain] o.a.c.c.C.[Tomcat-1].[localhost].[/]     : Initializing Spring embedded WebApplicationContext
2021-07-22 22:25:49.080  INFO 16876 --- [restartedMain] w.s.c.ServletWebServerApplicationContext : Root WebApplicationContext: initialization completed in 443 ms
2021-07-22 22:25:49.094  INFO 16876 --- [restartedMain] com.zaxxer.hikari.HikariDataSource       : HikariPool-5 - Starting...
2021-07-22 22:25:49.106  INFO 16876 --- [restartedMain] com.zaxxer.hikari.HikariDataSource       : HikariPool-5 - Start completed.
2021-07-22 22:25:49.106  INFO 16876 --- [restartedMain] o.s.b.a.h2.H2ConsoleAutoConfiguration    : H2 console available at '/h2-console'. Database available at 'jdbc:h2:~/community'
2021-07-22 22:25:49.380  INFO 16876 --- [restartedMain] o.s.b.a.w.s.WelcomePageHandlerMapping    : Adding welcome page template: index
2021-07-22 22:25:49.464  INFO 16876 --- [restartedMain] o.s.b.d.a.OptionalLiveReloadServer       : LiveReload server is running on port 35729
2021-07-22 22:25:49.481  INFO 16876 --- [restartedMain] o.s.b.w.embedded.tomcat.TomcatWebServer  : Tomcat started on port(s): 8887 (http) with context path ''
2021-07-22 22:25:49.487  INFO 16876 --- [scheduling-1] l.k.c.community.schedule.HotTagTasks     : hotTagSchedule start Thu Jul 22 22:25:49 CST 2021
2021-07-22 22:25:49.488  INFO 16876 --- [restartedMain] l.k.c.community.CommunityApplication     : Started CommunityApplication in 0.931 seconds (JVM running for 175.247)
2021-07-22 22:25:49.489  INFO 16876 --- [restartedMain] o.s.b.a.ApplicationAvailabilityBean      : Application availability state LivenessState changed to CORRECT
2021-07-22 22:25:49.491  INFO 16876 --- [restartedMain] .ConditionEvaluationDeltaLoggingListener : Condition evaluation unchanged
2021-07-22 22:25:49.492  INFO 16876 --- [restartedMain] o.s.b.a.ApplicationAvailabilityBean      : Application availability state ReadinessState changed to ACCEPTING_TRAFFIC
2021-07-22 22:25:49.500  INFO 16876 --- [scheduling-1] l.k.c.community.schedule.HotTagTasks     : hotTagSchedule end Thu Jul 22 22:25:49 CST 2021
2021-07-22 22:26:04.807  INFO 20472 --- [restartedMain] l.k.c.community.CommunityApplication     : Starting CommunityApplication using Java 11.0.4 on WIN-20BK8L90EFQ with PID 20472 (C:\code\community\target\classes started by Administrator in C:\code\community)
2021-07-22 22:26:04.811  INFO 20472 --- [restartedMain] l.k.c.community.CommunityApplication     : No active profile set, falling back to default profiles: default
2021-07-22 22:26:04.919  INFO 20472 --- [restartedMain] .e.DevToolsPropertyDefaultsPostProcessor : Devtools property defaults active! Set 'spring.devtools.add-properties' to 'false' to disable
2021-07-22 22:26:04.920  INFO 20472 --- [restartedMain] .e.DevToolsPropertyDefaultsPostProcessor : For additional web related logging consider setting the 'logging.level.web' property to 'DEBUG'
2021-07-22 22:26:05.008  WARN 20472 --- [background-preinit] o.s.h.c.j.Jackson2ObjectMapperBuilder    : For Jackson Kotlin classes support please add "com.fasterxml.jackson.module:jackson-module-kotlin" to the classpath
2021-07-22 22:26:07.178  INFO 20472 --- [restartedMain] o.s.b.w.embedded.tomcat.TomcatWebServer  : Tomcat initialized with port(s): 8887 (http)
2021-07-22 22:26:07.195  INFO 20472 --- [restartedMain] o.apache.catalina.core.StandardService   : Starting service [Tomcat]
2021-07-22 22:26:07.196  INFO 20472 --- [restartedMain] org.apache.catalina.core.StandardEngine  : Starting Servlet engine: [Apache Tomcat/9.0.46]
2021-07-22 22:26:07.200  INFO 20472 --- [restartedMain] o.a.catalina.core.AprLifecycleListener   : Loaded Apache Tomcat Native library [1.2.30] using APR version [1.7.0].
2021-07-22 22:26:07.201  INFO 20472 --- [restartedMain] o.a.catalina.core.AprLifecycleListener   : APR capabilities: IPv6 [true], sendfile [true], accept filters [false], random [true].
2021-07-22 22:26:07.201  INFO 20472 --- [restartedMain] o.a.catalina.core.AprLifecycleListener   : APR/OpenSSL configuration: useAprConnector [false], useOpenSSL [true]
2021-07-22 22:26:07.207  INFO 20472 --- [restartedMain] o.a.catalina.core.AprLifecycleListener   : OpenSSL successfully initialized [OpenSSL 1.1.1k  25 Mar 2021]
2021-07-22 22:26:07.415  INFO 20472 --- [restartedMain] o.a.c.c.C.[Tomcat].[localhost].[/]       : Initializing Spring embedded WebApplicationContext
2021-07-22 22:26:07.416  INFO 20472 --- [restartedMain] w.s.c.ServletWebServerApplicationContext : Root WebApplicationContext: initialization completed in 2494 ms
2021-07-22 22:26:07.486  INFO 20472 --- [restartedMain] com.zaxxer.hikari.HikariDataSource       : HikariPool-1 - Starting...
2021-07-22 22:26:07.800  INFO 20472 --- [restartedMain] com.zaxxer.hikari.HikariDataSource       : HikariPool-1 - Start completed.
2021-07-22 22:26:07.812  INFO 20472 --- [restartedMain] o.s.b.a.h2.H2ConsoleAutoConfiguration    : H2 console available at '/h2-console'. Database available at 'jdbc:h2:~/community'
2021-07-22 22:26:08.869  INFO 20472 --- [restartedMain] o.s.b.a.w.s.WelcomePageHandlerMapping    : Adding welcome page template: index
2021-07-22 22:26:09.671  INFO 20472 --- [restartedMain] o.s.b.d.a.OptionalLiveReloadServer       : LiveReload server is running on port 35729
2021-07-22 22:26:09.718  INFO 20472 --- [restartedMain] o.s.b.w.embedded.tomcat.TomcatWebServer  : Tomcat started on port(s): 8887 (http) with context path ''
2021-07-22 22:26:09.730  INFO 20472 --- [scheduling-1] l.k.c.community.schedule.HotTagTasks     : hotTagSchedule start Thu Jul 22 22:26:09 CST 2021
2021-07-22 22:26:09.738  INFO 20472 --- [restartedMain] l.k.c.community.CommunityApplication     : Started CommunityApplication in 5.735 seconds (JVM running for 8.21)
2021-07-22 22:26:09.742  INFO 20472 --- [restartedMain] o.s.b.a.ApplicationAvailabilityBean      : Application availability state LivenessState changed to CORRECT
2021-07-22 22:26:09.745  INFO 20472 --- [restartedMain] o.s.b.a.ApplicationAvailabilityBean      : Application availability state ReadinessState changed to ACCEPTING_TRAFFIC
2021-07-22 22:26:09.805  INFO 20472 --- [scheduling-1] l.k.c.community.schedule.HotTagTasks     : hotTagSchedule end Thu Jul 22 22:26:09 CST 2021
2021-07-22 22:26:29.730  INFO 20472 --- [scheduling-1] l.k.c.community.schedule.HotTagTasks     : hotTagSchedule start Thu Jul 22 22:26:29 CST 2021
2021-07-22 22:26:29.759  INFO 20472 --- [scheduling-1] l.k.c.community.schedule.HotTagTasks     : hotTagSchedule end Thu Jul 22 22:26:29 CST 2021
2021-07-22 22:26:49.731  INFO 20472 --- [scheduling-1] l.k.c.community.schedule.HotTagTasks     : hotTagSchedule start Thu Jul 22 22:26:49 CST 2021
2021-07-22 22:26:49.747  INFO 20472 --- [scheduling-1] l.k.c.community.schedule.HotTagTasks     : hotTagSchedule end Thu Jul 22 22:26:49 CST 2021
2021-07-22 22:27:09.731  INFO 20472 --- [scheduling-1] l.k.c.community.schedule.HotTagTasks     : hotTagSchedule start Thu Jul 22 22:27:09 CST 2021
2021-07-22 22:27:09.741  INFO 20472 --- [scheduling-1] l.k.c.community.schedule.HotTagTasks     : hotTagSchedule end Thu Jul 22 22:27:09 CST 2021
2021-07-22 22:27:29.732  INFO 20472 --- [scheduling-1] l.k.c.community.schedule.HotTagTasks     : hotTagSchedule start Thu Jul 22 22:27:29 CST 2021
2021-07-22 22:27:29.740  INFO 20472 --- [scheduling-1] l.k.c.community.schedule.HotTagTasks     : hotTagSchedule end Thu Jul 22 22:27:29 CST 2021
2021-07-22 22:27:49.733  INFO 20472 --- [scheduling-1] l.k.c.community.schedule.HotTagTasks     : hotTagSchedule start Thu Jul 22 22:27:49 CST 2021
2021-07-22 22:27:49.738  INFO 20472 --- [scheduling-1] l.k.c.community.schedule.HotTagTasks     : hotTagSchedule end Thu Jul 22 22:27:49 CST 2021
